 87.509739 
 110.687032 
 108.517505 
 109.871816 
 131.917839 
 130.004431 
 130.489357 
 153.544203 
 154.158736 
 154.073843 
 172.696730 
 188.105406 
 177.954247 
 177.500410 
 188.371688 
 173.578282 
 195.643320 
 194.863687 
 219.821084 
 220.565594 
 219.909834 
 242.067582 
 240.155604 
 242.349196 
 266.362814 
 262.965729 
 265.203578 
 262.775965 
 263.709826 
 263.895517 
 264.312823 
 263.700665 
 264.414427 
 286.108395 
 286.623596 
 286.279486 
 308.155149 
 307.961666 
 307.703285 
 308.145999 
 307.645054 
 308.299289 
 307.901403 
 307.131840 
 308.310890 
 307.704994 
 330.379348 
 330.133066 
 329.949473 
 328.501802 
 330.992561 
 329.583077 
 329.985034 
 330.671706 
 328.693306 
 307.264197 
 329.647025 
 322.966829 
 346.498783 
 345.304625 
 351.499388 
 351.476548 
 351.438453 
 351.326732 
 351.059550 
 328.977223 
 324.117807 
 330.098064 
 329.905100 
 351.755469 
 351.511488 
 352.301167 
 352.168617 
 351.386023 
 345.853471 
 346.346907 
 352.204182 
 330.184221 
 329.541966 
 302.546629 
 325.277346 
 324.285013 
 351.678751 
 350.982510 
 350.786481 
 351.385531 
 346.588464 
 346.317030 
 346.840076 
 346.538411 
 347.553679 
 325.534244 
 325.260287 
 304.005117 
 324.459729 
 325.413143 
 351.188522 
 351.601842 
 351.684654 
 350.508513 
 351.396181 
 345.828713 
 346.012217 
 345.660511 
 330.028889 
 328.594047 
 303.020413 
 324.185867 
 329.202104 
 350.590792 
 351.455108 
 351.345372 
 350.751655 
 346.325149 
 345.533459 
 329.378467 
 328.917020 
 303.313863 
 307.032949 
 329.479159 
 324.424395 
 325.216784 
 330.088656 
 324.711154 
 325.071972 
 325.372953 
 325.073948 
 324.191180 
 324.714718 
 330.284299 
 307.894264 
 308.445633 
 307.960522 
 324.465271 
 324.789445 
 324.441931 
 324.231182 
 324.705732 
 324.752687 
 324.686577 
 329.708746 
 329.515347 
 307.365072 
 307.843774 
 307.803755 
 330.049285 
 329.784550 
 330.990068 
 324.711693 
 329.369809 
 329.806608 
 324.760675 
 303.450802 
 282.194112 
 303.931978 
 307.187811 
 329.639221 
 328.881290 
 324.280105 
 329.992341 
 330.022014 
 328.705806 
 302.714955 
 304.300683 
 282.067200 
 304.922131 
 324.329281 
 325.658515 
 323.993460 
 324.057387 
 324.203642 
 329.987611 
 324.451862 
 330.258138 
 308.451144 
 307.816504 
 308.537768 
 303.199761 
 324.117736 
 329.515849 
 329.849870 
 328.777848 
 329.664531 
 328.838681 
 329.160988 
 330.476185 
 329.637491 
 307.897937 
 303.888038 
 304.143970 
 307.705337 
 329.664363 
 330.379738 
 329.847698 
 329.465933 
 330.000142 
 329.729647 
 328.699271 
 330.118390 
 330.026603 
 328.915370 
 303.110081 
 307.167172 
 306.494975 
 328.291087 
 328.705263 
 323.987658 
 324.954268 
 330.053991 
 329.512237 
 329.447704 
 329.797584 
 329.617434 
 329.537796 
 307.884514 
 307.349120 
 329.882456 
 329.584846 
 329.802726 
 329.027312 
 325.223281 
 325.557158 
 325.133753 
 324.776800 
 330.042964 
 330.197326 
 330.652017 
 308.911972 
 304.452205 
 326.820726 
 325.444296 
 325.901659 
 330.399206 
 326.593887 
 324.458258 
 329.482097 
 323.534185 
 324.514283 
 326.317101 
 325.261739 
 307.289065 
 308.103092 
 329.684555 
 329.569953 
 329.983051 
 325.266829 
 325.414392 
 325.456219 
 325.137444 
 325.568256 
 329.910000 
 329.584620 
 323.179703 
 303.463316 
 303.497956 
 325.342549 
 324.939200 
 329.581216 
 324.151770 
 324.690824 
 329.727791 
 324.788382 
 324.257231 
 330.564682 
 329.500671 
 324.527389 
 303.927867 
 303.148006 
 324.096432 
 329.992378 
 325.138154 
 324.862491 
 330.260718 
 330.379228 
 325.345147 
 325.515268 
 325.649404 
 330.295117 
 329.964164 
 308.240669 
 307.578474 
 304.230413 
 326.305482 
 326.328517 
 325.557560 
 326.138096 
 330.007558 
 325.181637 
 324.646907 
 329.278286 
 329.857160 
 330.058006 
 307.970628 
 308.297099 
 308.971495 
 330.388507 
 330.054087 
 330.315479 
 330.259390 
 326.345808 
 326.376832 
 325.395235 
 325.461248 
 325.752008 
 303.383125 
 282.230751 
 303.113460 
 304.139468 
 325.042606 
 329.366642 
 328.978476 
 329.766468 
 328.987410 
 329.458308 
 330.098449 
 329.381546 
 328.884328 
 302.930852 
 303.905851 
 281.380554 
 303.583794 
 306.961698 
 323.934197 
 329.179483 
 325.595862 
 325.665254 
 329.227405 
 324.719035 
 329.191550 
 328.825097 
 302.780435 
 302.232705 
 285.516371 
 307.670472 
 307.210521 
 306.814108 
 328.847060 
 329.269677 
 329.378025 
 324.390421 
 327.892816 
 328.572602 
 302.521855 
 302.714292 
 303.173820 
 281.907031 
 285.079906 
 306.554911 
 306.755000 
 307.731216 
 307.082589 
 329.246131 
 329.455722 
 328.624275 
 328.737306 
 308.090503 
 308.188690 
 302.994501 
 307.369661 
 308.149251 
 285.358308 
 307.812656 
 302.453976 
 308.517825 
 303.226925 
 308.037729 
 302.515516 
 302.852045 
 307.020017 
 307.692156 
 303.475895 
 303.562315 
 307.353844 
 303.380010 
 281.723638 
 282.241927 
 303.410964 
 303.457122 
 307.781227 
 307.843731 
 307.776322 
 306.948432 
 307.759696 
 308.445018 
 307.165170 
 307.961505 
 303.809374 
 305.536197 
 303.304655 
 281.567246 
 285.758036 
 303.108029 
 303.629460 
 308.268173 
 302.912437 
 307.346879 
 324.097490 
 331.214965 
 302.325155 
 303.837285 
 306.880017 
 307.011762 
 307.658308 
 285.804318 
 281.221191 
 281.818894 
 302.392294 
 306.958336 
 303.401845 
 303.403892 
 303.086954 
 306.159117 
 307.898630 
 302.503876 
 303.595011 
 303.518991 
 303.847984 
 286.043167 
 262.906453 
 285.321721 
 307.547913 
 307.200590 
 306.826660 
 307.772470 
 307.403326 
 307.528189 
 307.161610 
 307.693838 
 307.054542 
 303.258931 
 303.024985 
 282.312883 
 281.598995 
 282.038191 
 281.369198 
 303.342888 
 307.208473 
 308.119005 
 307.376778 
 307.830059 
 307.961956 
 303.708771 
 303.661166 
 303.281373 
 303.233264 
 303.994125 
 286.138273 
 286.227126 
 264.117948 
 282.524433 
 303.097593 
 306.529691 
 303.437174 
 304.356904 
 304.691819 
 303.413564 
 303.718766 
 307.848420 
 307.766360 
 302.974259 
 302.671588 
 308.381812 
 280.998345 
 282.895592 
 281.600439 
 282.101489 
 303.437771 
 307.527661 
 304.256518 
 304.407368 
 304.205919 
 307.023468 
 306.897930 
 307.147721 
 308.045580 
 307.753860 
 307.140334 
 307.384031 
 281.758420 
 285.330498 
 302.805130 
 303.903122 
 302.964017 
 302.636804 
 308.246994 
 308.548457 
 308.179268 
 307.932334 
 307.687755 
 308.436762 
 304.320977 
 305.277732 
 286.179811 
 285.833237 
 303.301341 
 308.576160 
 308.245350 
 308.087633 
 325.619305 
 330.655306 
 330.185282 
 330.186949 
 303.848488 
 303.718994 
 308.521385 
 304.272398 
 281.903362 
 285.862501 
 307.759752 
 307.886476 
 307.845797 
 329.784626 
 329.968747 
 328.537253 
 329.858054 
 329.563846 
 329.745552 
 308.511613 
 307.835605 
 308.565006 
 285.750813 
 306.548770 
 308.026051 
 306.884717 
 328.808249 
 329.607602 
 352.618202 
 330.366525 
 328.911727 
 324.740439 
 303.370936 
 303.448077 
 307.390633 
 286.497341 
 285.911444 
 307.408667 
 307.905421 
 329.980142 
 329.364048 
 329.779030 
 329.945681 
 329.771665 
 330.102387 
 325.208862 
 304.251661 
 304.268786 
 304.242477 
 260.704870 
 307.532335 
 302.439981 
 303.526515 
 330.066797 
 329.559939 
 328.903524 
 325.510569 
 325.410404 
 325.641501 
 307.626634 
 307.417573 
 302.368140 
 281.571179 
 285.627497 
 306.834839 
 308.354986 
 308.343975 
 330.125169 
 325.803697 
 329.138197 
 328.574229 
 329.897036 
 329.676966 
 302.878972 
 306.875587 
 303.155430 
 259.422656 
 303.996427 
 303.299289 
 308.071242 
 302.819753 
 324.831935 
 328.880637 
 325.741391 
 324.960368 
 307.570711 
 302.903853 
 306.633672 
 307.683953 
 285.520740 
 285.509066 
 307.887089 
 306.513017 
 306.995837 
 306.735684 
 307.867566 
 308.035723 
 306.448122 
 307.969831 
 307.214358 
 303.243526 
 307.641123 
 307.800891 
 282.941123 
 282.072936 
 304.013003 
 307.276793 
 306.821856 
 302.170997 
 303.045971 
 303.388460 
 307.365152 
 307.679319 
 302.103323 
 302.900085 
 307.326999 
 285.580296 
 260.153045 
 281.964145 
 308.373081 
 308.056376 
 303.092414 
 303.812513 
 307.977983 
 308.270728 
 304.211843 
 304.576708 
 307.942682 
 307.913874 
 307.987606 
 286.001262 
 263.973156 
 281.438965 
 308.449905 
 308.167895 
 308.239709 
 307.642489 
 308.372500 
 307.360709 
 307.869068 
 303.700365 
 304.325345 
 303.800434 
 282.266869 
 282.832517 
 260.587095 
 282.354488 
 281.934594 
 285.600255 
 303.111040 
 308.025555 
 308.238661 
 303.235891 
 302.834067 
 303.154421 
 303.548899 
 281.878174 
 281.806158 
 281.698172 
 280.851950 
 259.899058 
 260.105755 
 281.322542 
 281.408759 
 281.402693 
 281.513858 
 281.100720 
 281.419081 
 286.009625 
 280.830707 
 281.506943 
 281.913179 
 281.072621 
 281.971383 
 285.971766 
 281.616527 
 285.665686 
 281.574490 
 260.094126 
 280.446271 
 280.705716 
 280.565504 
 283.960813 
 280.749482 
 302.129250 
 303.094062 
 301.290886 
 306.974684 
 306.430834 
 302.537323 
 285.359958 
 285.894504 
 281.320819 
 258.758830 
 282.145246 
 281.069379 
 285.720494 
 307.485458 
 307.428803 
 308.079159 
 307.594035 
 307.698834 
 306.967249 
 307.438248 
 307.690068 
 284.366695 
 285.348355 
 258.737976 
 280.232563 
 284.047691 
 305.946726 
 302.092257 
 305.928626 
 307.212102 
 306.057857 
 301.780143 
 302.038526 
 301.816213 
 302.062219 
 280.016469 
 285.101545 
 285.714605 
 285.425437 
 302.840492 
 302.975468 
 302.920486 
 304.036749 
 304.262236 
 303.657830 
 303.268983 
 303.142504 
 303.536074 
 302.837901 
 281.395337 
 286.529485 
 285.273850 
 307.923915 
 307.359718 
 308.045611 
 308.253044 
 307.477719 
 306.963829 
 307.956273 
 308.360065 
 307.738871 
 307.770062 
 303.296929 
 282.432125 
 282.265904 
 281.851414 
 303.497550 
 307.719568 
 302.511165 
 306.686144 
 308.195761 
 302.283022 
 307.839673 
 303.848408 
 303.505934 
 303.726287 
 282.503420 
 264.412903 
 285.984980 
 307.164983 
 307.163760 
 303.679822 
 303.924682 
 303.919889 
 307.767729 
 307.972593 
 307.765748 
 307.693854 
 303.890996 
 285.947520 
 285.805843 
 286.327743 
 285.893751 
 307.968747 
 308.225352 
 307.877007 
 308.147960 
 307.395533 
 307.487515 
 303.031721 
 307.274700 
 306.371824 
 303.344913 
 281.965130 
 260.494813 
 281.422594 
 302.589956 
 303.515973 
 307.590196 
 308.544729 
 307.895678 
 308.037470 
 307.971718 
 307.771563 
 303.192248 
 307.697915 
 280.899635 
 285.590741 
 286.118936 
 281.155505 
 307.695283 
 307.094580 
 307.287152 
 307.478694 
 307.856176 
 302.804049 
 302.526614 
 308.017612 
 302.610990 
 281.111059 
 291.382865 
 270.166014 
 289.985727 
 336.875832 
 321.439752 
 349.461432 
 304.621581 
 305.377637 
 302.981315 
 302.289972 
 317.929930 
 334.109997 
 332.126714 
 289.956665 
 293.923776 
 242.835176 
 286.797355 
 286.167529 
 288.760332 
 309.977587 
 315.872722 
 311.573843 
 313.513411 
 312.207499 
 313.484263 
 313.338381 
 288.924024 
 291.262860 
 288.238550 
 264.116787 
 263.521752 
 285.235145 
 285.543203 
 285.935838 
 307.476567 
 308.456197 
 307.692685 
 307.822800 
 302.918980 
 284.666396 
 282.163898 
 281.310534 
 283.320484 
 259.787751 
 259.168467 
 281.812307 
 281.523871 
 285.623465 
 282.699271 
 297.376570 
 285.434502 
 285.936166 
 286.148564 
 281.925452 
 281.062421 
 285.951842 
 285.464719 
 286.078637 
 259.550260 
 264.235935 
 285.906346 
 285.005180 
 286.266717 
 285.881842 
 285.624642 
 285.678322 
 285.820525 
 285.138013 
 282.319462 
 281.711349 
 281.501713 
 281.536531 
 259.042577 
 262.920271 
 263.566597 
 285.447715 
 285.339016 
 286.551281 
 285.773023 
 285.333027 
 286.283338 
 285.544837 
 281.098101 
 281.233133 
 281.790624 
 285.463411 
 284.935077 
 263.977244 
 263.561149 
 263.550267 
 285.728315 
 285.542740 
 284.350821 
 285.228185 
 285.870422 
 284.883224 
 280.337124 
 281.237587 
 281.779632 
 281.607567 
 285.636181 
 285.538831 
 262.999729 
 263.980968 
 285.413144 
 285.057842 
 285.630004 
 281.437625 
 281.705630 
 285.348511 
 285.059331 
 286.220343 
 285.020266 
 285.081632 
 285.086399 
 285.423676 
 263.302688 
 263.935308 
 264.330834 
 285.552766 
 286.557131 
 286.164494 
 285.536042 
 282.116114 
 285.150668 
 286.143093 
 285.518384 
 285.301794 
 282.114055 
 280.888546 
 260.717852 
 260.159306 
 260.833867 
 281.863635 
 286.006599 
 285.741479 
 281.995240 
 285.513310 
 286.111799 
 286.129303 
 285.452656 
 286.142437 
 285.838351 
 285.669753 
 263.785397 
 264.375706 
 260.499730 
 285.436674 
 285.678796 
 285.426229 
 282.707609 
 282.289145 
 281.432679 
 286.220637 
 281.945712 
 282.195031 
 282.116662 
 281.439310 
 263.384331 
 263.347544 
 259.683458 
 282.019642 
 281.809586 
 281.636967 
 281.514283 
 282.376961 
 285.739030 
 285.631541 
 285.591889 
 285.861590 
 286.068236 
 286.402055 
 263.843380 
 264.014656 
 285.333575 
 285.469544 
 285.792275 
 285.487672 
 285.059016 
 286.018874 
 285.809474 
 286.089768 
 285.624891 
 281.509051 
 281.124348 
 259.492348 
 260.516880 
 259.749695 
 281.625200 
 285.180920 
 285.438211 
 285.609075 
 285.920460 
 281.308740 
 285.587545 
 285.957232 
 285.854390 
 285.844196 
 281.738846 
 258.963659 
 259.757863 
 260.031212 
 285.959450 
 286.226424 
 282.049626 
 286.019560 
 285.879896 
 286.298523 
 286.283683 
 285.549665 
 286.271650 
 286.016703 
 263.623829 
 238.760726 
 264.052910 
 285.547589 
 285.335681 
 281.232713 
 284.945452 
 285.545769 
 286.031378 
 285.768631 
 285.202272 
 285.255793 
 285.837898 
 281.499840 
 260.391622 
 259.818376 
 282.517944 
 282.655350 
 281.576983 
 281.640743 
 281.911954 
 285.786297 
 280.933711 
 281.584258 
 281.874812 
 281.554512 
 286.351629 
 264.339772 
 242.446106 
 260.094637 
 285.927251 
 286.055565 
 281.977208 
 285.444442 
 283.297926 
 286.636076 
 286.356439 
 285.590020 
 286.081258 
 285.925442 
 282.430860 
 264.066679 
 264.308979 
 285.836975 
 284.919519 
 280.974885 
 281.546803 
 284.315041 
 281.101175 
 282.195464 
 281.030528 
 281.482551 
 281.537215 
 280.989659 
 284.957171 
 261.709861 
 264.002300 
 285.356340 
 286.687455 
 286.234289 
 280.898944 
 281.626170 
 281.596363 
 280.690467 
 281.644212 
 280.892641 
 284.813807 
 281.238511 
 259.588745 
 238.395051 
 259.892076 
 280.975235 
 281.436594 
 286.350079 
 285.203151 
 285.883006 
 285.282948 
 285.042532 
 284.139250 
 284.512097 
 285.195011 
 285.120418 
 262.605721 
 263.402611 
 280.803032 
 281.183608 
 284.801783 
 285.984844 
 285.057033 
 284.815954 
 284.059952 
 281.536020 
 281.315276 
 281.501484 
 280.827137 
 281.193412 
 264.331660 
 270.095545 
 290.511423 
 296.616913 
 292.285704 
 291.917011 
 291.043789 
 288.489608 
 288.920022 
 285.962050 
 285.609572 
 290.395897 
 288.139254 
 286.601378 
 270.889772 
 269.508349 
 271.600509 
 286.152143 
 293.556528 
 292.282731 
 291.912061 
 287.667733 
 293.045876 
 294.937396 
 293.603895 
 291.555469 
 290.781565 
 292.513645 
 271.676806 
 247.026114 
 270.316679 
 285.255799 
 289.239557 
 320.739431 
 301.438005 
 308.760217 
 294.650012 
 285.015994 
 295.838325 
 300.269953 
 293.736149 
 297.842780 
 276.929460 
 276.055545 
 273.745959 
 273.588687 
 297.111305 
 296.778167 
 298.460737 
 298.216819 
 296.888651 
 299.042744 
 305.955236 
 299.427305 
 306.069585 
 302.795228 
 381.841099 
 352.272334 
 339.907246 
 278.817670 
 288.318195 
 297.916242 
 298.477351 
 301.648707 
 300.247772 
 300.743674 
 301.125450 
 300.919444 
 300.266677 
 297.147273 
 303.458761 
 301.833906 
 274.768985 
 273.606094 
 250.030234 
 273.366343 
 305.216740 
 292.627708 
 302.424019 
 300.910735 
 301.961226 
 301.666257 
 299.979021 
 296.544942 
 296.177287 
 296.764217 
 306.064198 
 277.118411 
 278.019610 
 274.513344 
 275.510464 
 299.941250 
 299.139763 
 305.052113 
 308.290600 
 299.815994 
 301.153539 
 297.289759 
 302.468500 
 300.654789 
 299.900216 
 303.905886 
 275.736814 
 253.330256 
 277.087358 
 301.833384 
 303.615999 
 299.915775 
 301.824143 
 308.732083 
 293.268581 
 308.463469 
 306.223390 
 301.430614 
 298.255206 
 295.843340 
 304.283086 
 275.780170 
 276.835256 
 295.777984 
 298.297292 
 309.220900 
 303.755850 
 300.570375 
 311.485035 
 302.950804 
 307.660084 
 323.413461 
 305.091703 
 300.883968 
 299.326562 
 276.540856 
 273.261415 
 301.525397 
 309.244934 
 299.218212 
 297.603773 
 303.828280 
 299.706125 
 301.871248 
 294.629175 
 301.000949 
 298.603159 
 296.946452 
 298.466729 
 278.815867 
 276.587463 
 299.503907 
 311.910389 
 299.594618 
 302.097998 
 307.996661 
 300.870516 
 301.699921 
 300.218593 
 302.304608 
 311.465017 
 302.186482 
 309.666591 
 286.839022 
 277.087125 
 297.755251 
 300.172124 
 298.733269 
 298.269474 
 302.108549 
 296.207653 
 297.607530 
 294.180926 
 306.755652 
 296.258071 
 300.784142 
 301.114693 
 282.926707 
 277.317613 
 301.083896 
 301.205830 
 306.028791 
 297.438520 
 303.009990 
 297.399389 
 305.138850 
 295.687019 
 303.009338 
 297.021346 
 297.819900 
 304.223088 
 274.742614 
 280.868239 
 300.792612 
 296.336771 
 295.837757 
 320.326390 
 323.603752 
 308.233358 
 299.201840 
 300.521568 
 300.409793 
 301.169558 
 304.524168 
 302.084568 
 275.759233 
 279.809112 
 288.921072 
 300.061085 
 299.254993 
 300.037634 
 297.784906 
 304.571750 
 299.028378 
 299.933250 
 297.949915 
 300.833780 
 303.397447 
 302.179415 
 294.571098 
 283.967869 
 275.735143 
 280.896372 
 309.796061 
 296.854114 
 302.367390 
 302.424491 
 296.489758 
 305.538977 
 299.804215 
 308.341003 
 299.491897 
 301.059103 
 276.781638 
 277.795924 
 278.564716 
 274.617389 
 279.484718 
 276.973107 
 300.304136 
 299.747094 
 296.623963 
 299.249485 
 298.727642 
 299.712931 
 301.898526 
 299.158430 
 283.305027 
 277.531201 
 296.886947 
 295.392266 
 282.697019 
 275.890287 
 273.969225 
 274.152381 
 297.385073 
 294.784451 
 286.019098 
 285.341195 
 281.193444 
 281.179143 
 281.048631 
 260.305217 
 259.543562 
 263.476178 
 263.400996 
 262.242356 
 259.872730 
 263.133260 
 262.492855 
 259.409859 
 283.809252 
 284.869641 
 284.539288 
 280.604964 
 281.631540 
 286.279237 
 281.307677 
 258.502141 
 260.003362 
 260.305378 
 262.392798 
 262.631027 
 258.682054 
 262.905373 
 285.171238 
 286.180226 
 284.139220 
 285.014672 
 283.858944 
 280.804580 
 285.240404 
 284.933089 
 263.001499 
 263.215078 
 262.840717 
 263.008278 
 262.168010 
 259.185575 
 263.959648 
 281.379320 
 280.971246 
 281.634040 
 281.785670 
 281.630947 
 281.317320 
 281.003247 
 263.726015 
 262.925543 
 259.581127 
 260.610631 
 259.570473 
 263.216692 
 262.758353 
 285.020188 
 284.257135 
 280.772629 
 284.267376 
 285.434326 
 285.405162 
 285.616984 
 261.590389 
 259.894568 
 259.901802 
 260.101122 
 259.683524 
 263.868315 
 263.528422 
 264.010653 
 285.888941 
 285.182185 
 286.543588 
 285.813756 
 281.439371 
 259.213462 
 260.178061 
 259.690494 
 259.493314 
 237.764670 
 259.983688 
 260.383219 
 264.068829 
 264.332319 
 260.223994 
 259.580485 
 260.597126 
 259.893129 
 259.500557 
 260.368914 
 259.316824 
 259.227498 
 262.325632 
 263.506987 
 262.458947 
 262.921983 
 262.317731 
 264.139990 
 262.669774 
 259.127941 
 259.701474 
 258.541934 
 259.681193 
 259.495153 
 262.604909 
 263.047139 
 237.800964 
 259.737797 
 259.808801 
 259.372588 
 260.074928 
 259.457576 
 259.495211 
 259.521332 
 264.012270 
 262.992119 
 240.898812 
 237.463142 
 241.316410 
 238.273096 
 263.062997 
 259.866930 
 260.290619 
 241.525592 
 241.511740 
 242.039297 
 241.815237 
 219.087812 
 241.428174 
 240.798370 
 241.834528 
 263.720410 
 259.799059 
 259.585347 
 259.677267 
 259.547108 
 242.151389 
 241.607609 
 241.985682 
 238.409516 
 241.973702 
 258.880906 
 263.195647 
 262.827383 
 259.920142 
 259.761352 
 262.968963 
 264.473069 
 263.135386 
 263.598978 
 241.307223 
 240.598282 
 238.232908 
 259.547302 
 263.096023 
 263.228860 
 263.144885 
 263.037999 
 264.067301 
 263.666797 
 264.046055 
 263.794833 
 259.003526 
 259.526124 
 241.317632 
 241.771507 
 259.688211 
 259.494066 
 263.059557 
 263.309091 
 259.361146 
 259.483897 
 260.165517 
 259.836706 
 259.826090 
 259.122532 
 259.573242 
 264.268663 
 237.600295 
 238.567657 
 259.891317 
 263.064506 
 263.799460 
 263.463996 
 259.880097 
 259.689210 
 263.702186 
 264.160610 
 264.424363 
 263.731109 
 259.490593 
 259.826626 
 238.482987 
 238.422561 
 263.380036 
 262.802338 
 263.192110 
 263.861221 
 263.927820 
 262.790937 
 264.201806 
 263.127378 
 264.342819 
 259.292056 
 259.479177 
 260.098409 
 259.220202 
 241.581258 
 241.765755 
 259.652131 
 260.186597 
 259.767820 
 263.830856 
 263.523304 
 260.365144 
 260.018066 
 264.009878 
 263.633188 
 263.542097 
 263.782880 
 263.672368 
 241.209579 
 241.626436 
 263.568763 
 263.051944 
 259.530563 
 262.941159 
 263.315165 
 262.969458 
 264.038787 
 262.925036 
 259.486447 
 259.684448 
 259.110177 
 263.286297 
 262.921709 
 240.397596 
 241.211806 
 263.219810 
 262.736920 
 262.981700 
 259.806527 
 259.684259 
 263.365648 
 259.812389 
 263.362428 
 263.775901 
 263.633424 
 262.932230 
 263.354542 
 260.246061 
 241.243358 
 238.205579 
 260.090371 
 263.278505 
 263.026836 
 263.052767 
 263.904231 
 264.213475 
 264.031140 
 263.427307 
 263.843720 
 259.620949 
 259.863745 
 259.500148 
 264.005607 
 241.612681 
 242.311849 
 260.364728 
 262.662689 
 263.570121 
 262.951333 
 263.514949 
 285.729230 
 281.042941 
 281.955975 
 260.163073 
 263.050189 
 263.140784 
 263.881820 
 262.932005 
 242.530117 
 240.107742 
 263.037261 
 263.511260 
 259.453613 
 264.243484 
 280.980923 
 281.581197 
 281.027935 
 281.243125 
 259.190701 
 262.887552 
 263.900908 
 263.494140 
 240.958957 
 242.101603 
 263.528936 
 259.623353 
 263.604966 
 262.042925 
 280.966431 
 284.876627 
 280.975513 
 280.901197 
 285.881210 
